[2025-06-26 14:42:43Z INFO HostContext] No proxy settings were found based on environmental variables (http_proxy/https_proxy/HTTP_PROXY/HTTPS_PROXY)
[2025-06-26 14:42:43Z INFO HostContext] Well known directory 'Bin': 'C:\Users\anith\eclipse-workspace\HtmlDb\actions-runner\bin'
[2025-06-26 14:42:43Z INFO HostContext] Well known directory 'Root': 'C:\Users\anith\eclipse-workspace\HtmlDb\actions-runner'
[2025-06-26 14:42:43Z INFO HostContext] Well known config file 'Credentials': 'C:\Users\anith\eclipse-workspace\HtmlDb\actions-runner\.credentials'
[2025-06-26 14:42:43Z INFO HostContext] Well known directory 'Bin': 'C:\Users\anith\eclipse-workspace\HtmlDb\actions-runner\bin'
[2025-06-26 14:42:43Z INFO HostContext] Well known directory 'Root': 'C:\Users\anith\eclipse-workspace\HtmlDb\actions-runner'
[2025-06-26 14:42:43Z INFO HostContext] Well known config file 'Runner': 'C:\Users\anith\eclipse-workspace\HtmlDb\actions-runner\.runner'
[2025-06-26 14:42:43Z INFO Listener] Runner is built for Windows (X64) - win-x64.
[2025-06-26 14:42:43Z INFO Listener] RuntimeInformation: Microsoft Windows 10.0.26100.
[2025-06-26 14:42:43Z INFO Listener] Version: 2.325.0
[2025-06-26 14:42:43Z INFO Listener] Commit: 71ed7cd46223bd5d61633445946813012b502d54
[2025-06-26 14:42:43Z INFO Listener] Culture: en-IN
[2025-06-26 14:42:43Z INFO Listener] UI Culture: en-US
[2025-06-26 14:42:43Z INFO HostContext] Well known directory 'Bin': 'C:\Users\anith\eclipse-workspace\HtmlDb\actions-runner\bin'
[2025-06-26 14:42:43Z INFO HostContext] Well known directory 'Root': 'C:\Users\anith\eclipse-workspace\HtmlDb\actions-runner'
[2025-06-26 14:42:43Z INFO Listener] Validating directory permissions for: 'C:\Users\anith\eclipse-workspace\HtmlDb\actions-runner'
[2025-06-26 14:42:43Z INFO CommandLineParser] Parse
[2025-06-26 14:42:43Z INFO CommandLineParser] Parsing 1 args
[2025-06-26 14:42:43Z INFO CommandLineParser] parsing argument
[2025-06-26 14:42:43Z INFO CommandLineParser] HasArgs: False
[2025-06-26 14:42:43Z INFO CommandLineParser] Adding Command: remove
[2025-06-26 14:42:43Z INFO Listener] Arguments parsed
[2025-06-26 14:42:43Z INFO Runner] ExecuteCommand
[2025-06-26 14:42:43Z INFO ConfigurationStore] currentAssemblyLocation: C:\Users\anith\eclipse-workspace\HtmlDb\actions-runner\bin\Runner.Listener.dll
[2025-06-26 14:42:43Z INFO HostContext] Well known directory 'Bin': 'C:\Users\anith\eclipse-workspace\HtmlDb\actions-runner\bin'
[2025-06-26 14:42:43Z INFO ConfigurationStore] binPath: C:\Users\anith\eclipse-workspace\HtmlDb\actions-runner\bin
[2025-06-26 14:42:43Z INFO HostContext] Well known directory 'Bin': 'C:\Users\anith\eclipse-workspace\HtmlDb\actions-runner\bin'
[2025-06-26 14:42:43Z INFO HostContext] Well known directory 'Root': 'C:\Users\anith\eclipse-workspace\HtmlDb\actions-runner'
[2025-06-26 14:42:43Z INFO ConfigurationStore] RootFolder: C:\Users\anith\eclipse-workspace\HtmlDb\actions-runner
[2025-06-26 14:42:43Z INFO HostContext] Well known directory 'Bin': 'C:\Users\anith\eclipse-workspace\HtmlDb\actions-runner\bin'
[2025-06-26 14:42:43Z INFO HostContext] Well known directory 'Root': 'C:\Users\anith\eclipse-workspace\HtmlDb\actions-runner'
[2025-06-26 14:42:43Z INFO HostContext] Well known config file 'Runner': 'C:\Users\anith\eclipse-workspace\HtmlDb\actions-runner\.runner'
[2025-06-26 14:42:43Z INFO ConfigurationStore] ConfigFilePath: C:\Users\anith\eclipse-workspace\HtmlDb\actions-runner\.runner
[2025-06-26 14:42:43Z INFO HostContext] Well known directory 'Bin': 'C:\Users\anith\eclipse-workspace\HtmlDb\actions-runner\bin'
[2025-06-26 14:42:43Z INFO HostContext] Well known directory 'Root': 'C:\Users\anith\eclipse-workspace\HtmlDb\actions-runner'
[2025-06-26 14:42:43Z INFO HostContext] Well known config file 'MigratedRunner': 'C:\Users\anith\eclipse-workspace\HtmlDb\actions-runner\.runner_migrated'
[2025-06-26 14:42:43Z INFO ConfigurationStore] MigratedConfigFilePath: C:\Users\anith\eclipse-workspace\HtmlDb\actions-runner\.runner_migrated
[2025-06-26 14:42:43Z INFO HostContext] Well known directory 'Bin': 'C:\Users\anith\eclipse-workspace\HtmlDb\actions-runner\bin'
[2025-06-26 14:42:43Z INFO HostContext] Well known directory 'Root': 'C:\Users\anith\eclipse-workspace\HtmlDb\actions-runner'
[2025-06-26 14:42:43Z INFO HostContext] Well known config file 'Credentials': 'C:\Users\anith\eclipse-workspace\HtmlDb\actions-runner\.credentials'
[2025-06-26 14:42:43Z INFO ConfigurationStore] CredFilePath: C:\Users\anith\eclipse-workspace\HtmlDb\actions-runner\.credentials
[2025-06-26 14:42:43Z INFO HostContext] Well known directory 'Bin': 'C:\Users\anith\eclipse-workspace\HtmlDb\actions-runner\bin'
[2025-06-26 14:42:43Z INFO HostContext] Well known directory 'Root': 'C:\Users\anith\eclipse-workspace\HtmlDb\actions-runner'
[2025-06-26 14:42:43Z INFO HostContext] Well known config file 'MigratedCredentials': 'C:\Users\anith\eclipse-workspace\HtmlDb\actions-runner\.credentials_migrated'
[2025-06-26 14:42:43Z INFO ConfigurationStore] MigratedCredFilePath: C:\Users\anith\eclipse-workspace\HtmlDb\actions-runner\.credentials_migrated
[2025-06-26 14:42:43Z INFO HostContext] Well known directory 'Bin': 'C:\Users\anith\eclipse-workspace\HtmlDb\actions-runner\bin'
[2025-06-26 14:42:43Z INFO HostContext] Well known directory 'Root': 'C:\Users\anith\eclipse-workspace\HtmlDb\actions-runner'
[2025-06-26 14:42:43Z INFO HostContext] Well known config file 'Service': 'C:\Users\anith\eclipse-workspace\HtmlDb\actions-runner\.service'
[2025-06-26 14:42:43Z INFO ConfigurationStore] ServiceConfigFilePath: C:\Users\anith\eclipse-workspace\HtmlDb\actions-runner\.service
[2025-06-26 14:42:43Z INFO CommandSettings] Flag 'help': 'False'
[2025-06-26 14:42:43Z INFO CommandSettings] Flag 'version': 'False'
[2025-06-26 14:42:43Z INFO CommandSettings] Flag 'commit': 'False'
[2025-06-26 14:42:43Z INFO CommandSettings] Flag 'check': 'False'
[2025-06-26 14:42:43Z INFO CommandSettings] Command 'configure': 'False'
[2025-06-26 14:42:43Z INFO CommandSettings] Command 'remove': 'True'
[2025-06-26 14:42:43Z INFO CommandSettings] Flag 'local': 'False'
[2025-06-26 14:42:43Z INFO ConfigurationStore] IsServiceConfigured()
[2025-06-26 14:42:43Z INFO ConfigurationStore] IsServiceConfigured: True
[2025-06-26 14:42:43Z INFO Terminal] WRITE LINE: Removing service
[2025-06-26 14:42:43Z ERR  WindowsServiceControlManager] Needs Administrator privileges for unconfigure windows service runner.
[2025-06-26 14:42:43Z ERR  Terminal] WRITE ERROR: Failed: Removing service
[2025-06-26 14:42:43Z ERR  Runner] System.Security.SecurityException: Needs Administrator privileges for unconfiguring runner that running as windows service.
   at GitHub.Runner.Listener.Configuration.WindowsServiceControlManager.UnconfigureService()
   at GitHub.Runner.Listener.Configuration.ConfigurationManager.UnconfigureAsync(CommandSettings command)
   at GitHub.Runner.Listener.Runner.ExecuteCommand(CommandSettings command)
[2025-06-26 14:42:43Z ERR  Terminal] WRITE ERROR: Needs Administrator privileges for unconfiguring runner that running as windows service.
[2025-06-26 14:42:43Z INFO Listener] Runner execution has finished with return code 1
