[2025-06-26 16:22:50Z INFO HostContext] No proxy settings were found based on environmental variables (http_proxy/https_proxy/HTTP_PROXY/HTTPS_PROXY)
[2025-06-26 16:22:50Z INFO HostContext] Well known directory 'Bin': 'C:\Users\anith\eclipse-workspace\HtmlDb\actions-runner\bin'
[2025-06-26 16:22:50Z INFO HostContext] Well known directory 'Root': 'C:\Users\anith\eclipse-workspace\HtmlDb\actions-runner'
[2025-06-26 16:22:50Z INFO HostContext] Well known config file 'Credentials': 'C:\Users\anith\eclipse-workspace\HtmlDb\actions-runner\.credentials'
[2025-06-26 16:22:50Z INFO HostContext] Well known directory 'Bin': 'C:\Users\anith\eclipse-workspace\HtmlDb\actions-runner\bin'
[2025-06-26 16:22:50Z INFO HostContext] Well known directory 'Root': 'C:\Users\anith\eclipse-workspace\HtmlDb\actions-runner'
[2025-06-26 16:22:50Z INFO HostContext] Well known config file 'Runner': 'C:\Users\anith\eclipse-workspace\HtmlDb\actions-runner\.runner'
[2025-06-26 16:22:50Z INFO Listener] Runner is built for Windows (X64) - win-x64.
[2025-06-26 16:22:50Z INFO Listener] RuntimeInformation: Microsoft Windows 10.0.26100.
[2025-06-26 16:22:50Z INFO Listener] Version: 2.325.0
[2025-06-26 16:22:50Z INFO Listener] Commit: 71ed7cd46223bd5d61633445946813012b502d54
[2025-06-26 16:22:50Z INFO Listener] Culture: en-IN
[2025-06-26 16:22:50Z INFO Listener] UI Culture: en-US
[2025-06-26 16:22:50Z INFO HostContext] Well known directory 'Bin': 'C:\Users\anith\eclipse-workspace\HtmlDb\actions-runner\bin'
[2025-06-26 16:22:50Z INFO HostContext] Well known directory 'Root': 'C:\Users\anith\eclipse-workspace\HtmlDb\actions-runner'
[2025-06-26 16:22:50Z INFO Listener] Validating directory permissions for: 'C:\Users\anith\eclipse-workspace\HtmlDb\actions-runner'
[2025-06-26 16:22:50Z INFO CommandLineParser] Parse
[2025-06-26 16:22:50Z INFO CommandLineParser] Parsing 1 args
[2025-06-26 16:22:50Z INFO CommandLineParser] parsing argument
[2025-06-26 16:22:50Z INFO CommandLineParser] HasArgs: False
[2025-06-26 16:22:50Z INFO CommandLineParser] Adding Command: run
[2025-06-26 16:22:50Z INFO Listener] Arguments parsed
[2025-06-26 16:22:50Z INFO Runner] ExecuteCommand
[2025-06-26 16:22:50Z INFO ConfigurationStore] currentAssemblyLocation: C:\Users\anith\eclipse-workspace\HtmlDb\actions-runner\bin\Runner.Listener.dll
[2025-06-26 16:22:50Z INFO HostContext] Well known directory 'Bin': 'C:\Users\anith\eclipse-workspace\HtmlDb\actions-runner\bin'
[2025-06-26 16:22:50Z INFO ConfigurationStore] binPath: C:\Users\anith\eclipse-workspace\HtmlDb\actions-runner\bin
[2025-06-26 16:22:50Z INFO HostContext] Well known directory 'Bin': 'C:\Users\anith\eclipse-workspace\HtmlDb\actions-runner\bin'
[2025-06-26 16:22:50Z INFO HostContext] Well known directory 'Root': 'C:\Users\anith\eclipse-workspace\HtmlDb\actions-runner'
[2025-06-26 16:22:50Z INFO ConfigurationStore] RootFolder: C:\Users\anith\eclipse-workspace\HtmlDb\actions-runner
[2025-06-26 16:22:50Z INFO HostContext] Well known directory 'Bin': 'C:\Users\anith\eclipse-workspace\HtmlDb\actions-runner\bin'
[2025-06-26 16:22:50Z INFO HostContext] Well known directory 'Root': 'C:\Users\anith\eclipse-workspace\HtmlDb\actions-runner'
[2025-06-26 16:22:50Z INFO HostContext] Well known config file 'Runner': 'C:\Users\anith\eclipse-workspace\HtmlDb\actions-runner\.runner'
[2025-06-26 16:22:50Z INFO ConfigurationStore] ConfigFilePath: C:\Users\anith\eclipse-workspace\HtmlDb\actions-runner\.runner
[2025-06-26 16:22:50Z INFO HostContext] Well known directory 'Bin': 'C:\Users\anith\eclipse-workspace\HtmlDb\actions-runner\bin'
[2025-06-26 16:22:50Z INFO HostContext] Well known directory 'Root': 'C:\Users\anith\eclipse-workspace\HtmlDb\actions-runner'
[2025-06-26 16:22:50Z INFO HostContext] Well known config file 'MigratedRunner': 'C:\Users\anith\eclipse-workspace\HtmlDb\actions-runner\.runner_migrated'
[2025-06-26 16:22:50Z INFO ConfigurationStore] MigratedConfigFilePath: C:\Users\anith\eclipse-workspace\HtmlDb\actions-runner\.runner_migrated
[2025-06-26 16:22:50Z INFO HostContext] Well known directory 'Bin': 'C:\Users\anith\eclipse-workspace\HtmlDb\actions-runner\bin'
[2025-06-26 16:22:50Z INFO HostContext] Well known directory 'Root': 'C:\Users\anith\eclipse-workspace\HtmlDb\actions-runner'
[2025-06-26 16:22:50Z INFO HostContext] Well known config file 'Credentials': 'C:\Users\anith\eclipse-workspace\HtmlDb\actions-runner\.credentials'
[2025-06-26 16:22:50Z INFO ConfigurationStore] CredFilePath: C:\Users\anith\eclipse-workspace\HtmlDb\actions-runner\.credentials
[2025-06-26 16:22:50Z INFO HostContext] Well known directory 'Bin': 'C:\Users\anith\eclipse-workspace\HtmlDb\actions-runner\bin'
[2025-06-26 16:22:50Z INFO HostContext] Well known directory 'Root': 'C:\Users\anith\eclipse-workspace\HtmlDb\actions-runner'
[2025-06-26 16:22:50Z INFO HostContext] Well known config file 'MigratedCredentials': 'C:\Users\anith\eclipse-workspace\HtmlDb\actions-runner\.credentials_migrated'
[2025-06-26 16:22:50Z INFO ConfigurationStore] MigratedCredFilePath: C:\Users\anith\eclipse-workspace\HtmlDb\actions-runner\.credentials_migrated
[2025-06-26 16:22:50Z INFO HostContext] Well known directory 'Bin': 'C:\Users\anith\eclipse-workspace\HtmlDb\actions-runner\bin'
[2025-06-26 16:22:50Z INFO HostContext] Well known directory 'Root': 'C:\Users\anith\eclipse-workspace\HtmlDb\actions-runner'
[2025-06-26 16:22:50Z INFO HostContext] Well known config file 'Service': 'C:\Users\anith\eclipse-workspace\HtmlDb\actions-runner\.service'
[2025-06-26 16:22:50Z INFO ConfigurationStore] ServiceConfigFilePath: C:\Users\anith\eclipse-workspace\HtmlDb\actions-runner\.service
[2025-06-26 16:22:50Z INFO CommandSettings] Flag 'help': 'False'
[2025-06-26 16:22:50Z INFO CommandSettings] Flag 'version': 'False'
[2025-06-26 16:22:50Z INFO CommandSettings] Flag 'commit': 'False'
[2025-06-26 16:22:50Z INFO CommandSettings] Flag 'check': 'False'
[2025-06-26 16:22:50Z INFO CommandSettings] Command 'configure': 'False'
[2025-06-26 16:22:50Z INFO CommandSettings] Command 'remove': 'False'
[2025-06-26 16:22:50Z INFO CommandSettings] Command 'warmup': 'False'
[2025-06-26 16:22:50Z INFO ConfigurationManager] LoadSettings
[2025-06-26 16:22:50Z INFO ConfigurationStore] IsConfigured()
[2025-06-26 16:22:50Z INFO ConfigurationStore] IsConfigured: True
[2025-06-26 16:22:50Z INFO ConfigurationManager] Is configured: True
[2025-06-26 16:22:50Z INFO ConfigurationStore] Read setting file: 395 chars
[2025-06-26 16:22:50Z INFO ConfigurationManager] Settings Loaded
[2025-06-26 16:22:50Z INFO ConfigurationStore] IsServiceConfigured()
[2025-06-26 16:22:50Z INFO ConfigurationStore] IsServiceConfigured: True
[2025-06-26 16:22:50Z INFO CommandSettings] Command 'run': 'True'
[2025-06-26 16:22:50Z INFO ConfigurationStore] IsConfigured()
[2025-06-26 16:22:50Z INFO ConfigurationStore] IsConfigured: True
[2025-06-26 16:22:50Z INFO ConfigurationManager] Is configured: True
[2025-06-26 16:22:50Z INFO Runner] Try determine runner startup type base on console redirects.
[2025-06-26 16:22:50Z INFO Runner] Set runner startup type - Manual
[2025-06-26 16:22:50Z INFO CommandSettings] Flag 'once': 'False'
[2025-06-26 16:22:50Z INFO CommandSettings] Flag 'once': 'False'
[2025-06-26 16:22:50Z INFO Runner] RunAsync
[2025-06-26 16:22:50Z INFO ConfigurationManager] LoadMigratedSettings
[2025-06-26 16:22:50Z INFO ConfigurationStore] IsMigratedConfigured()
[2025-06-26 16:22:50Z INFO ConfigurationStore] IsMigratedConfigured: False
[2025-06-26 16:22:50Z INFO Runner] Failed to load migrated settings: No migrated configuration found.
[2025-06-26 16:22:50Z INFO Runner] Falling back to original .runner settings
[2025-06-26 16:22:50Z INFO Runner] Using BrokerMessageListener
[2025-06-26 16:22:50Z INFO BrokerMessageListener] Using provided settings
[2025-06-26 16:22:50Z INFO BrokerMessageListener] {
  "AgentId": 25,
  "AgentName": "ANIL",
  "PoolId": 1,
  "PoolName": "Default",
  "ServerUrl": "https://pipelinesghubeus13.actions.githubusercontent.com/eeqdraAYuAneN2AjHiyMYh7ghdQNNhAYqNqfoPPpJQFIqqFas1/",
  "GitHubUrl": "https://github.com/anil2743/terraecreksdocker",
  "WorkFolder": "_work",
  "UseV2Flow": true,
  "ServerUrlV2": "https://broker.actions.githubusercontent.com/"
}
[2025-06-26 16:22:50Z INFO BrokerMessageListener] Loading Credentials
[2025-06-26 16:22:50Z INFO ConfigurationStore] HasCredentials()
[2025-06-26 16:22:50Z INFO ConfigurationStore] stored True
[2025-06-26 16:22:50Z INFO CredentialManager] GetCredentialProvider
[2025-06-26 16:22:50Z INFO CredentialManager] Creating type OAuth
[2025-06-26 16:22:50Z INFO CredentialManager] Creating credential type: OAuth
[2025-06-26 16:22:50Z INFO HostContext] Well known directory 'Bin': 'C:\Users\anith\eclipse-workspace\HtmlDb\actions-runner\bin'
[2025-06-26 16:22:50Z INFO HostContext] Well known directory 'Root': 'C:\Users\anith\eclipse-workspace\HtmlDb\actions-runner'
[2025-06-26 16:22:50Z INFO HostContext] Well known config file 'RSACredentials': 'C:\Users\anith\eclipse-workspace\HtmlDb\actions-runner\.credentials_rsaparams'
[2025-06-26 16:22:50Z INFO RSAEncryptedFileKeyManager] Loading RSA key parameters from file C:\Users\anith\eclipse-workspace\HtmlDb\actions-runner\.credentials_rsaparams
[2025-06-26 16:22:50Z INFO BrokerMessageListener] Attempt to create session.
[2025-06-26 16:22:50Z INFO BrokerMessageListener] Connecting to the Broker Server...
[2025-06-26 16:22:50Z INFO ConfigurationStore] HasCredentials()
[2025-06-26 16:22:50Z INFO ConfigurationStore] stored True
[2025-06-26 16:22:50Z INFO CredentialManager] GetCredentialProvider
[2025-06-26 16:22:50Z INFO CredentialManager] Creating type OAuth
[2025-06-26 16:22:50Z INFO CredentialManager] Creating credential type: OAuth
[2025-06-26 16:22:50Z INFO RSAEncryptedFileKeyManager] Loading RSA key parameters from file C:\Users\anith\eclipse-workspace\HtmlDb\actions-runner\.credentials_rsaparams
[2025-06-26 16:22:50Z INFO BrokerMessageListener] VssConnection created
[2025-06-26 16:22:50Z INFO BrokerMessageListener] Connecting to the Runner server...
[2025-06-26 16:22:50Z INFO RunnerServer] EstablishVssConnection
[2025-06-26 16:22:50Z INFO RunnerServer] Establish connection with 100 seconds timeout.
[2025-06-26 16:22:50Z INFO GitHubActionsService] Starting operation Location.GetConnectionData
[2025-06-26 16:22:51Z INFO RunnerServer] EstablishVssConnection
[2025-06-26 16:22:51Z INFO RunnerServer] Establish connection with 60 seconds timeout.
[2025-06-26 16:22:51Z INFO GitHubActionsService] Starting operation Location.GetConnectionData
[2025-06-26 16:22:51Z INFO RunnerServer] EstablishVssConnection
[2025-06-26 16:22:51Z INFO RunnerServer] Establish connection with 60 seconds timeout.
[2025-06-26 16:22:51Z INFO GitHubActionsService] Starting operation Location.GetConnectionData
[2025-06-26 16:22:52Z INFO GitHubActionsService] Finished operation Location.GetConnectionData
[2025-06-26 16:22:52Z INFO GitHubActionsService] Finished operation Location.GetConnectionData
[2025-06-26 16:22:52Z INFO GitHubActionsService] Finished operation Location.GetConnectionData
[2025-06-26 16:22:52Z INFO BrokerMessageListener] VssConnection created
[2025-06-26 16:22:52Z INFO Terminal] WRITE LINE: 
[2025-06-26 16:22:52Z INFO Terminal] WRITE LINE: 
[2025-06-26 16:22:53Z INFO RSAEncryptedFileKeyManager] Loading RSA key parameters from file C:\Users\anith\eclipse-workspace\HtmlDb\actions-runner\.credentials_rsaparams
[2025-06-26 16:22:53Z INFO RSAEncryptedFileKeyManager] Loading RSA key parameters from file C:\Users\anith\eclipse-workspace\HtmlDb\actions-runner\.credentials_rsaparams
[2025-06-26 16:22:54Z INFO GitHubActionsService] AAD Correlation ID for this token request: Unknown
[2025-06-26 16:23:05Z INFO BrokerMessageListener] Session created.
[2025-06-26 16:23:05Z INFO Terminal] WRITE LINE: Current runner version: '2.325.0'
[2025-06-26 16:23:05Z INFO Terminal] WRITE LINE: 2025-06-26 16:23:05Z: Listening for Jobs
[2025-06-26 16:23:05Z INFO JobDispatcher] Set runner/worker IPC timeout to 30 seconds.
[2025-06-26 16:23:05Z INFO ConfigurationStore] HasCredentials()
[2025-06-26 16:23:05Z INFO ConfigurationStore] stored True
[2025-06-26 16:23:05Z INFO CredentialManager] GetCredentialProvider
[2025-06-26 16:23:05Z INFO CredentialManager] Creating type OAuth
[2025-06-26 16:23:05Z INFO CredentialManager] Creating credential type: OAuth
[2025-06-26 16:23:05Z INFO RSAEncryptedFileKeyManager] Loading RSA key parameters from file C:\Users\anith\eclipse-workspace\HtmlDb\actions-runner\.credentials_rsaparams
[2025-06-26 16:23:05Z INFO RSAEncryptedFileKeyManager] Loading RSA key parameters from file C:\Users\anith\eclipse-workspace\HtmlDb\actions-runner\.credentials_rsaparams
[2025-06-26 16:23:05Z INFO RSAEncryptedFileKeyManager] Loading RSA key parameters from file C:\Users\anith\eclipse-workspace\HtmlDb\actions-runner\.credentials_rsaparams
[2025-06-26 16:23:07Z INFO GitHubActionsService] AAD Correlation ID for this token request: Unknown
[2025-06-26 16:23:09Z INFO JobDispatcher] Job request 0 for plan a9f54e8a-9dcb-4342-b972-d65e3ded2530 job e946f7b3-699c-5728-934a-91fd8a445d6f received.
[2025-06-26 16:23:09Z INFO BrokerMessageListener] Received job status event. JobState: Busy
[2025-06-26 16:23:09Z INFO BrokerMessageListener] _getMessagesTokenSource is already disposed.
[2025-06-26 16:23:09Z INFO Terminal] WRITE LINE: 2025-06-26 16:23:09Z: Running job: build-and-deploy
[2025-06-26 16:23:09Z INFO JobDispatcher] Start renew job request 0 for job e946f7b3-699c-5728-934a-91fd8a445d6f.
[2025-06-26 16:23:09Z INFO JobDispatcher] Successfully renew job e946f7b3-699c-5728-934a-91fd8a445d6f, job is valid till 26-06-2025 16:33:08
[2025-06-26 16:23:09Z INFO HostContext] Well known directory 'Bin': 'C:\Users\anith\eclipse-workspace\HtmlDb\actions-runner\bin'
[2025-06-26 16:23:09Z INFO ProcessInvokerWrapper] Starting process:
[2025-06-26 16:23:09Z INFO ProcessInvokerWrapper]   File name: 'C:\Users\anith\eclipse-workspace\HtmlDb\actions-runner\bin\Runner.Worker.exe'
[2025-06-26 16:23:09Z INFO ProcessInvokerWrapper]   Arguments: 'spawnclient 2200 2264'
[2025-06-26 16:23:09Z INFO ProcessInvokerWrapper]   Working directory: 'C:\Users\anith\eclipse-workspace\HtmlDb\actions-runner\bin'
[2025-06-26 16:23:09Z INFO ProcessInvokerWrapper]   Require exit code zero: 'False'
[2025-06-26 16:23:09Z INFO ProcessInvokerWrapper]   Encoding web name:  ; code page: ''
[2025-06-26 16:23:09Z INFO ProcessInvokerWrapper]   Force kill process on cancellation: 'True'
[2025-06-26 16:23:09Z INFO ProcessInvokerWrapper]   Redirected STDIN: 'False'
[2025-06-26 16:23:09Z INFO ProcessInvokerWrapper]   Persist current code page: 'False'
[2025-06-26 16:23:09Z INFO ProcessInvokerWrapper]   Keep redirected STDIN open: 'False'
[2025-06-26 16:23:09Z INFO ProcessInvokerWrapper]   High priority process: 'True'
[2025-06-26 16:23:10Z INFO ProcessInvokerWrapper] Process started with process id 13712, waiting for process exit.
[2025-06-26 16:23:10Z INFO JobDispatcher] Send job request message to worker for job e946f7b3-699c-5728-934a-91fd8a445d6f.
[2025-06-26 16:23:10Z INFO ProcessChannel] Sending message of length 24667, with hash 'd85f1541f4488ca39ba4b65f7349b43d02ed949b7c3dd952fc21670465ef1fe3'
[2025-06-26 16:23:10Z INFO JobNotification] Entering JobStarted Notification
[2025-06-26 16:23:10Z INFO JobNotification] Entering StartMonitor
[2025-06-26 16:24:10Z INFO JobDispatcher] Successfully renew job e946f7b3-699c-5728-934a-91fd8a445d6f, job is valid till 26-06-2025 16:34:08
[2025-06-26 16:25:10Z INFO JobDispatcher] Successfully renew job e946f7b3-699c-5728-934a-91fd8a445d6f, job is valid till 26-06-2025 16:35:08
[2025-06-26 16:26:10Z INFO JobDispatcher] Successfully renew job e946f7b3-699c-5728-934a-91fd8a445d6f, job is valid till 26-06-2025 16:36:08
[2025-06-26 16:27:11Z INFO JobDispatcher] Successfully renew job e946f7b3-699c-5728-934a-91fd8a445d6f, job is valid till 26-06-2025 16:37:09
[2025-06-26 16:28:11Z INFO JobDispatcher] Successfully renew job e946f7b3-699c-5728-934a-91fd8a445d6f, job is valid till 26-06-2025 16:38:09
[2025-06-26 16:29:11Z INFO JobDispatcher] Successfully renew job e946f7b3-699c-5728-934a-91fd8a445d6f, job is valid till 26-06-2025 16:39:09
[2025-06-26 16:30:11Z INFO JobDispatcher] Successfully renew job e946f7b3-699c-5728-934a-91fd8a445d6f, job is valid till 26-06-2025 16:40:09
[2025-06-26 16:31:12Z INFO JobDispatcher] Successfully renew job e946f7b3-699c-5728-934a-91fd8a445d6f, job is valid till 26-06-2025 16:41:10
[2025-06-26 16:32:12Z INFO JobDispatcher] Successfully renew job e946f7b3-699c-5728-934a-91fd8a445d6f, job is valid till 26-06-2025 16:42:10
[2025-06-26 16:33:12Z INFO JobDispatcher] Successfully renew job e946f7b3-699c-5728-934a-91fd8a445d6f, job is valid till 26-06-2025 16:43:10
[2025-06-26 16:34:12Z INFO JobDispatcher] Successfully renew job e946f7b3-699c-5728-934a-91fd8a445d6f, job is valid till 26-06-2025 16:44:10
[2025-06-26 16:35:13Z INFO JobDispatcher] Successfully renew job e946f7b3-699c-5728-934a-91fd8a445d6f, job is valid till 26-06-2025 16:45:11
[2025-06-26 16:36:13Z INFO JobDispatcher] Successfully renew job e946f7b3-699c-5728-934a-91fd8a445d6f, job is valid till 26-06-2025 16:46:11
[2025-06-26 16:37:13Z INFO JobDispatcher] Successfully renew job e946f7b3-699c-5728-934a-91fd8a445d6f, job is valid till 26-06-2025 16:47:11
[2025-06-26 16:38:13Z INFO JobDispatcher] Successfully renew job e946f7b3-699c-5728-934a-91fd8a445d6f, job is valid till 26-06-2025 16:48:12
[2025-06-26 16:39:14Z INFO JobDispatcher] Successfully renew job e946f7b3-699c-5728-934a-91fd8a445d6f, job is valid till 26-06-2025 16:49:12
[2025-06-26 16:40:14Z INFO JobDispatcher] Successfully renew job e946f7b3-699c-5728-934a-91fd8a445d6f, job is valid till 26-06-2025 16:50:12
[2025-06-26 16:41:14Z INFO JobDispatcher] Successfully renew job e946f7b3-699c-5728-934a-91fd8a445d6f, job is valid till 26-06-2025 16:51:12
[2025-06-26 16:42:14Z INFO JobDispatcher] Successfully renew job e946f7b3-699c-5728-934a-91fd8a445d6f, job is valid till 26-06-2025 16:52:13
[2025-06-26 16:43:15Z INFO JobDispatcher] Successfully renew job e946f7b3-699c-5728-934a-91fd8a445d6f, job is valid till 26-06-2025 16:53:13
[2025-06-26 16:44:15Z INFO JobDispatcher] Successfully renew job e946f7b3-699c-5728-934a-91fd8a445d6f, job is valid till 26-06-2025 16:54:13
[2025-06-26 16:45:15Z INFO JobDispatcher] Successfully renew job e946f7b3-699c-5728-934a-91fd8a445d6f, job is valid till 26-06-2025 16:55:13
[2025-06-26 16:46:16Z INFO JobDispatcher] Successfully renew job e946f7b3-699c-5728-934a-91fd8a445d6f, job is valid till 26-06-2025 16:56:14
[2025-06-26 16:47:16Z INFO JobDispatcher] Successfully renew job e946f7b3-699c-5728-934a-91fd8a445d6f, job is valid till 26-06-2025 16:57:14
[2025-06-26 16:48:16Z INFO JobDispatcher] Successfully renew job e946f7b3-699c-5728-934a-91fd8a445d6f, job is valid till 26-06-2025 16:58:14
[2025-06-26 16:49:16Z INFO JobDispatcher] Successfully renew job e946f7b3-699c-5728-934a-91fd8a445d6f, job is valid till 26-06-2025 16:59:14
[2025-06-26 16:49:19Z INFO ProcessInvokerWrapper] STDOUT/STDERR stream read finished.
[2025-06-26 16:49:19Z INFO ProcessInvokerWrapper] STDOUT/STDERR stream read finished.
[2025-06-26 16:49:19Z INFO ProcessInvokerWrapper] Finished process 13712 with exit code 102, and elapsed time 00:26:09.9402937.
[2025-06-26 16:49:19Z INFO JobDispatcher] Worker finished for job e946f7b3-699c-5728-934a-91fd8a445d6f. Code: 102
[2025-06-26 16:49:19Z INFO JobDispatcher] finish job request for job e946f7b3-699c-5728-934a-91fd8a445d6f with result: Failed
[2025-06-26 16:49:19Z INFO Terminal] WRITE LINE: 2025-06-26 16:49:19Z: Job build-and-deploy completed with result: Failed
[2025-06-26 16:49:19Z INFO JobDispatcher] Stop renew job request for job e946f7b3-699c-5728-934a-91fd8a445d6f.
[2025-06-26 16:49:19Z INFO JobDispatcher] job renew has been cancelled, stop renew job e946f7b3-699c-5728-934a-91fd8a445d6f.
[2025-06-26 16:49:19Z INFO JobNotification] Entering JobCompleted Notification
[2025-06-26 16:49:19Z INFO JobNotification] Entering EndMonitor
[2025-06-26 16:49:19Z INFO BrokerMessageListener] Received job status event. JobState: Online
[2025-06-26 16:49:19Z WARN GitHubActionsService] GET request to https://broker.actions.githubusercontent.com/message?sessionId=713b8e7f-37be-4fb7-bdd3-73c2ba26881e&status=Busy&runnerVersion=2.325.0&os=Windows&architecture=X64&disableUpdate=false has been cancelled.
[2025-06-26 16:49:19Z ERR  BrokerServer] Catch exception during request
[2025-06-26 16:49:20Z ERR  BrokerServer] System.Threading.Tasks.TaskCanceledException: The operation was canceled.
 ---> System.Threading.Tasks.TaskCanceledException: The operation was canceled.
 ---> System.IO.IOException: Unable to read data from the transport connection: The I/O operation has been aborted because of either a thread exit or an application request..
 ---> System.Net.Sockets.SocketException (995): The I/O operation has been aborted because of either a thread exit or an application request.
   --- End of inner exception stack trace ---
   at System.Net.Sockets.Socket.AwaitableSocketAsyncEventArgs.ThrowException(SocketError error, CancellationToken cancellationToken)
   at System.Net.Sockets.Socket.AwaitableSocketAsyncEventArgs.System.Threading.Tasks.Sources.IValueTaskSource<System.Int32>.GetResult(Int16 token)
   at System.Net.Security.SslStream.EnsureFullTlsFrameAsync[TIOAdapter](CancellationToken cancellationToken, Int32 estimatedSize)
   at System.Runtime.CompilerServices.PoolingAsyncValueTaskMethodBuilder`1.StateMachineBox`1.System.Threading.Tasks.Sources.IValueTaskSource<TResult>.GetResult(Int16 token)
   at System.Net.Security.SslStream.ReadAsyncInternal[TIOAdapter](Memory`1 buffer, CancellationToken cancellationToken)
   at System.Runtime.CompilerServices.PoolingAsyncValueTaskMethodBuilder`1.StateMachineBox`1.System.Threading.Tasks.Sources.IValueTaskSource<TResult>.GetResult(Int16 token)
   at System.Net.Http.HttpConnection.SendAsync(HttpRequestMessage request, Boolean async, CancellationToken cancellationToken)
   --- End of inner exception stack trace ---
   at System.Net.Http.HttpConnection.SendAsync(HttpRequestMessage request, Boolean async, CancellationToken cancellationToken)
   at System.Net.Http.AuthenticationHelper.SendWithNtAuthAsync(HttpRequestMessage request, Uri authUri, Boolean async, ICredentials credentials, Boolean isProxyAuth, HttpConnection connection, HttpConnectionPool connectionPool, CancellationToken cancellationToken)
   at System.Net.Http.HttpConnectionPool.SendWithVersionDetectionAndRetryAsync(HttpRequestMessage request, Boolean async, Boolean doRequestAuth, CancellationToken cancellationToken)
   at System.Net.Http.AuthenticationHelper.SendWithAuthAsync(HttpRequestMessage request, Uri authUri, Boolean async, ICredentials credentials, Boolean preAuthenticate, Boolean isProxyAuth, Boolean doRequestAuth, HttpConnectionPool pool, CancellationToken cancellationToken)
   at System.Net.Http.RedirectHandler.SendAsync(HttpRequestMessage request, Boolean async, CancellationToken cancellationToken)
   at GitHub.Services.Common.RawHttpMessageHandler.SendAsync(HttpRequestMessage request, CancellationToken cancellationToken)
   at GitHub.Services.Common.VssHttpRetryMessageHandler.SendAsync(HttpRequestMessage request, CancellationToken cancellationToken)
   at System.Net.Http.HttpClient.<SendAsync>g__Core|83_0(HttpRequestMessage request, HttpCompletionOption completionOption, CancellationTokenSource cts, Boolean disposeCts, CancellationTokenSource pendingRequestsCts, CancellationToken originalCancellationToken)
   --- End of inner exception stack trace ---
   at System.Net.Http.HttpClient.HandleFailure(Exception e, Boolean telemetryStarted, HttpResponseMessage response, CancellationTokenSource cts, CancellationToken cancellationToken, CancellationTokenSource pendingRequestsCts)
   at System.Net.Http.HttpClient.<SendAsync>g__Core|83_0(HttpRequestMessage request, HttpCompletionOption completionOption, CancellationTokenSource cts, Boolean disposeCts, CancellationTokenSource pendingRequestsCts, CancellationToken originalCancellationToken)
   at Sdk.WebApi.WebApi.RawHttpClientBase.SendAsync(HttpRequestMessage message, HttpCompletionOption completionOption, Object userState, CancellationToken cancellationToken)
   at Sdk.WebApi.WebApi.RawHttpClientBase.SendAsync[T](HttpRequestMessage message, Boolean readErrorBody, Object userState, CancellationToken cancellationToken)
   at Sdk.WebApi.WebApi.RawHttpClientBase.SendAsync[T](HttpMethod method, IEnumerable`1 additionalHeaders, Uri requestUri, HttpContent content, IEnumerable`1 queryParameters, Boolean readErrorBody, Object userState, CancellationToken cancellationToken)
   at GitHub.Actions.RunService.WebApi.BrokerHttpClient.GetRunnerMessageAsync(Nullable`1 sessionId, String runnerVersion, Nullable`1 status, String os, String architecture, Nullable`1 disableUpdate, CancellationToken cancellationToken)
   at GitHub.Runner.Common.BrokerServer.<>c__DisplayClass7_0.<<GetRunnerMessageAsync>b__0>d.MoveNext()
--- End of stack trace from previous location ---
   at GitHub.Runner.Common.RunnerService.RetryRequest[T](Func`1 func, CancellationToken cancellationToken, Int32 maxRetryAttemptsCount, Func`2 shouldRetry)
[2025-06-26 16:49:20Z ERR  BrokerServer] #####################################################
[2025-06-26 16:49:20Z ERR  BrokerServer] System.Threading.Tasks.TaskCanceledException: The operation was canceled.
 ---> System.IO.IOException: Unable to read data from the transport connection: The I/O operation has been aborted because of either a thread exit or an application request..
 ---> System.Net.Sockets.SocketException (995): The I/O operation has been aborted because of either a thread exit or an application request.
   --- End of inner exception stack trace ---
   at System.Net.Sockets.Socket.AwaitableSocketAsyncEventArgs.ThrowException(SocketError error, CancellationToken cancellationToken)
   at System.Net.Sockets.Socket.AwaitableSocketAsyncEventArgs.System.Threading.Tasks.Sources.IValueTaskSource<System.Int32>.GetResult(Int16 token)
   at System.Net.Security.SslStream.EnsureFullTlsFrameAsync[TIOAdapter](CancellationToken cancellationToken, Int32 estimatedSize)
   at System.Runtime.CompilerServices.PoolingAsyncValueTaskMethodBuilder`1.StateMachineBox`1.System.Threading.Tasks.Sources.IValueTaskSource<TResult>.GetResult(Int16 token)
   at System.Net.Security.SslStream.ReadAsyncInternal[TIOAdapter](Memory`1 buffer, CancellationToken cancellationToken)
   at System.Runtime.CompilerServices.PoolingAsyncValueTaskMethodBuilder`1.StateMachineBox`1.System.Threading.Tasks.Sources.IValueTaskSource<TResult>.GetResult(Int16 token)
   at System.Net.Http.HttpConnection.SendAsync(HttpRequestMessage request, Boolean async, CancellationToken cancellationToken)
   --- End of inner exception stack trace ---
   at System.Net.Http.HttpConnection.SendAsync(HttpRequestMessage request, Boolean async, CancellationToken cancellationToken)
   at System.Net.Http.AuthenticationHelper.SendWithNtAuthAsync(HttpRequestMessage request, Uri authUri, Boolean async, ICredentials credentials, Boolean isProxyAuth, HttpConnection connection, HttpConnectionPool connectionPool, CancellationToken cancellationToken)
   at System.Net.Http.HttpConnectionPool.SendWithVersionDetectionAndRetryAsync(HttpRequestMessage request, Boolean async, Boolean doRequestAuth, CancellationToken cancellationToken)
   at System.Net.Http.AuthenticationHelper.SendWithAuthAsync(HttpRequestMessage request, Uri authUri, Boolean async, ICredentials credentials, Boolean preAuthenticate, Boolean isProxyAuth, Boolean doRequestAuth, HttpConnectionPool pool, CancellationToken cancellationToken)
   at System.Net.Http.RedirectHandler.SendAsync(HttpRequestMessage request, Boolean async, CancellationToken cancellationToken)
   at GitHub.Services.Common.RawHttpMessageHandler.SendAsync(HttpRequestMessage request, CancellationToken cancellationToken)
   at GitHub.Services.Common.VssHttpRetryMessageHandler.SendAsync(HttpRequestMessage request, CancellationToken cancellationToken)
   at System.Net.Http.HttpClient.<SendAsync>g__Core|83_0(HttpRequestMessage request, HttpCompletionOption completionOption, CancellationTokenSource cts, Boolean disposeCts, CancellationTokenSource pendingRequestsCts, CancellationToken originalCancellationToken)
[2025-06-26 16:49:20Z ERR  BrokerServer] #####################################################
[2025-06-26 16:49:20Z ERR  BrokerServer] System.IO.IOException: Unable to read data from the transport connection: The I/O operation has been aborted because of either a thread exit or an application request..
 ---> System.Net.Sockets.SocketException (995): The I/O operation has been aborted because of either a thread exit or an application request.
   --- End of inner exception stack trace ---
   at System.Net.Sockets.Socket.AwaitableSocketAsyncEventArgs.ThrowException(SocketError error, CancellationToken cancellationToken)
   at System.Net.Sockets.Socket.AwaitableSocketAsyncEventArgs.System.Threading.Tasks.Sources.IValueTaskSource<System.Int32>.GetResult(Int16 token)
   at System.Net.Security.SslStream.EnsureFullTlsFrameAsync[TIOAdapter](CancellationToken cancellationToken, Int32 estimatedSize)
   at System.Runtime.CompilerServices.PoolingAsyncValueTaskMethodBuilder`1.StateMachineBox`1.System.Threading.Tasks.Sources.IValueTaskSource<TResult>.GetResult(Int16 token)
   at System.Net.Security.SslStream.ReadAsyncInternal[TIOAdapter](Memory`1 buffer, CancellationToken cancellationToken)
   at System.Runtime.CompilerServices.PoolingAsyncValueTaskMethodBuilder`1.StateMachineBox`1.System.Threading.Tasks.Sources.IValueTaskSource<TResult>.GetResult(Int16 token)
   at System.Net.Http.HttpConnection.SendAsync(HttpRequestMessage request, Boolean async, CancellationToken cancellationToken)
[2025-06-26 16:49:20Z ERR  BrokerServer] #####################################################
[2025-06-26 16:49:20Z ERR  BrokerServer] System.Net.Sockets.SocketException (995): The I/O operation has been aborted because of either a thread exit or an application request.
[2025-06-26 16:49:20Z WARN BrokerServer] Back off 10.563 seconds before next retry. 4 attempt left.
[2025-06-26 16:49:20Z INFO BrokerMessageListener] Get messages has been cancelled using local token source. Continue to get messages with new status.
